2021-09-14 11:27:59,432 desired_caps.py[line:31] INFO 开始启动APP....
2021-09-14 11:29:02,183 desired_caps.py[line:31] INFO 开始启动APP....
2021-09-14 11:30:06,740 desired_caps.py[line:31] INFO 开始启动APP....
2021-09-14 11:31:54,321 desired_caps.py[line:31] INFO 开始启动APP....
2021-09-15 15:40:54,912 desired_caps.py[line:30] INFO 开始启动APP....
2021-09-15 15:41:33,391 desired_caps.py[line:30] INFO 开始启动APP....
2021-09-15 15:42:01,886 common_fun.py[line:70] INFO 没有广告
2021-09-15 15:42:02,069 common_fun.py[line:52] INFO 点击同意按钮
2021-09-15 15:42:05,511 common_fun.py[line:128] INFO 向左滑动
2021-09-15 15:42:07,294 common_fun.py[line:128] INFO 向左滑动
2021-09-15 15:42:08,956 common_fun.py[line:128] INFO 向左滑动
2021-09-15 15:42:10,665 common_fun.py[line:128] INFO 向左滑动
2021-09-15 15:42:12,467 common_fun.py[line:59] INFO 点击[立即体验]按钮
2021-09-15 15:42:17,889 common_fun.py[line:82] INFO 登录成功
2021-09-15 15:42:25,222 common_fun.py[line:86] INFO 不在我的页面
2021-09-15 15:42:25,222 common_fun.py[line:150] INFO get no libraryBtn screenshot
2021-09-15 15:42:33,426 common_fun.py[line:108] INFO 用户已经开馆
2021-09-15 15:42:34,520 common_fun.py[line:128] INFO 向左滑动
2021-09-15 16:23:37,703 desired_caps.py[line:30] INFO 开始启动APP....
2021-09-16 10:21:09,943 desired_caps.py[line:30] INFO 开始启动APP....
2021-09-26 10:23:55,266 desired_caps.py[line:30] INFO 开始启动APP....
2021-10-02 15:17:12,922 desired_caps.py[line:31] INFO 开始启动APP....
2021-10-02 15:39:30,836 desired_caps.py[line:34] INFO 开始启动APP....
2021-10-02 15:39:59,498 desired_caps.py[line:34] INFO 开始启动APP....
2021-10-02 15:40:09,446 desired_caps.py[line:34] INFO 开始启动APP....
2021-10-02 15:41:22,141 desired_caps.py[line:34] INFO 开始启动APP....
2021-10-02 15:41:31,594 desired_caps.py[line:34] INFO 开始启动APP....
2021-10-02 15:53:54,760 desired_caps.py[line:34] INFO 开始启动APP....
2021-10-02 15:54:05,487 desired_caps.py[line:34] INFO 开始启动APP....
