2021-09-27 11:27:15,607 desired_caps.py[line:30] INFO 开始启动APP....
2021-09-27 11:27:44,046 common_fun.py[line:73] INFO 没有广告
2021-09-27 11:27:44,178 common_fun.py[line:153] INFO 获取当前时间
2021-09-27 11:27:44,179 common_fun.py[line:162] INFO start getScreenshot 同意按钮
2021-09-27 11:27:45,000 common_fun.py[line:56] INFO 点击同意按钮
2021-09-27 11:27:48,513 common_fun.py[line:138] INFO 向左滑动
2021-09-27 11:27:50,165 common_fun.py[line:138] INFO 向左滑动
2021-09-27 11:27:51,839 common_fun.py[line:138] INFO 向左滑动
2021-09-27 11:27:53,499 common_fun.py[line:138] INFO 向左滑动
2021-09-27 11:27:54,014 common_fun.py[line:153] INFO 获取当前时间
2021-09-27 11:27:54,014 common_fun.py[line:162] INFO start getScreenshot 立即体验
2021-09-27 11:27:55,047 common_fun.py[line:63] INFO 点击[立即体验]按钮
2021-09-27 11:27:58,333 common_fun.py[line:84] INFO 输入账号:19524239612
2021-09-27 11:28:00,188 common_fun.py[line:86] INFO 输入密码:123456
2021-09-27 11:28:08,560 common_fun.py[line:208] INFO ======已登录=====
2021-09-27 11:28:08,560 common_fun.py[line:153] INFO 获取当前时间
2021-09-27 11:28:08,560 common_fun.py[line:162] INFO start getScreenshot 已登录
2021-09-27 11:28:17,179 common_fun.py[line:95] INFO 不在我的页面
2021-09-27 11:29:04,367 desired_caps.py[line:30] INFO 开始启动APP....
2021-09-27 11:29:33,831 common_fun.py[line:73] INFO 没有广告
2021-09-27 11:29:33,942 common_fun.py[line:153] INFO 获取当前时间
2021-09-27 11:29:33,942 common_fun.py[line:162] INFO start getScreenshot 同意按钮
2021-09-27 11:29:34,840 common_fun.py[line:56] INFO 点击同意按钮
2021-09-27 11:29:38,227 common_fun.py[line:138] INFO 向左滑动
2021-09-27 11:29:39,893 common_fun.py[line:138] INFO 向左滑动
2021-09-27 11:29:41,684 common_fun.py[line:138] INFO 向左滑动
2021-09-27 11:29:43,343 common_fun.py[line:138] INFO 向左滑动
2021-09-27 11:29:43,845 common_fun.py[line:153] INFO 获取当前时间
2021-09-27 11:29:43,845 common_fun.py[line:162] INFO start getScreenshot 立即体验
2021-09-27 11:29:45,065 common_fun.py[line:63] INFO 点击[立即体验]按钮
2021-09-27 11:29:47,987 common_fun.py[line:84] INFO 输入账号:1952423961
2021-09-27 11:29:49,312 common_fun.py[line:86] INFO 输入密码:123456
2021-09-27 11:29:58,400 common_fun.py[line:208] INFO ======已登录=====
2021-09-27 11:29:58,401 common_fun.py[line:153] INFO 获取当前时间
2021-09-27 11:29:58,401 common_fun.py[line:162] INFO start getScreenshot 已登录
2021-09-27 11:30:06,602 common_fun.py[line:95] INFO 不在我的页面
2021-09-27 11:33:04,449 desired_caps.py[line:30] INFO 开始启动APP....
2021-09-27 11:33:31,937 common_fun.py[line:73] INFO 没有广告
2021-09-27 11:33:32,025 common_fun.py[line:153] INFO 获取当前时间
2021-09-27 11:33:32,025 common_fun.py[line:162] INFO start getScreenshot 同意按钮
2021-09-27 11:33:32,969 common_fun.py[line:56] INFO 点击同意按钮
2021-09-27 11:33:36,245 common_fun.py[line:138] INFO 向左滑动
2021-09-27 11:33:37,921 common_fun.py[line:138] INFO 向左滑动
2021-09-27 11:33:39,606 common_fun.py[line:138] INFO 向左滑动
2021-09-27 11:33:41,290 common_fun.py[line:138] INFO 向左滑动
2021-09-27 11:33:41,793 common_fun.py[line:153] INFO 获取当前时间
2021-09-27 11:33:41,793 common_fun.py[line:162] INFO start getScreenshot 立即体验
2021-09-27 11:33:42,840 common_fun.py[line:63] INFO 点击[立即体验]按钮
2021-09-27 11:33:45,894 common_fun.py[line:84] INFO 输入账号:1952423961
2021-09-27 11:33:47,225 common_fun.py[line:86] INFO 输入密码:123456
2021-09-27 11:33:49,275 common_fun.py[line:213] INFO ======登录失败=======
2021-09-27 11:33:49,275 common_fun.py[line:153] INFO 获取当前时间
2021-09-27 11:33:49,275 common_fun.py[line:162] INFO start getScreenshot 登录失败
2021-09-27 11:33:57,532 common_fun.py[line:95] INFO 不在我的页面
2021-09-27 11:57:04,270 desired_caps.py[line:30] INFO 开始启动APP....
2021-09-27 11:57:33,562 common_fun.py[line:73] INFO 没有广告
2021-09-27 11:57:33,661 common_fun.py[line:153] INFO 获取当前时间
2021-09-27 11:57:33,661 common_fun.py[line:162] INFO start getScreenshot 同意按钮
2021-09-27 11:57:34,464 common_fun.py[line:56] INFO 点击同意按钮
2021-09-27 11:57:38,137 common_fun.py[line:138] INFO 向左滑动
2021-09-27 11:57:39,966 common_fun.py[line:138] INFO 向左滑动
2021-09-27 11:57:41,664 common_fun.py[line:138] INFO 向左滑动
2021-09-27 11:57:43,333 common_fun.py[line:138] INFO 向左滑动
2021-09-27 11:57:43,835 common_fun.py[line:153] INFO 获取当前时间
2021-09-27 11:57:43,835 common_fun.py[line:162] INFO start getScreenshot 立即体验
2021-09-27 11:57:48,184 login_view.py[line:15] INFO 输入账号:19599999999
2021-09-27 11:57:49,516 login_view.py[line:17] INFO 输入密码:123456
2021-09-27 11:57:51,234 common_fun.py[line:213] INFO ======登录失败=======
2021-09-27 11:57:51,235 common_fun.py[line:153] INFO 获取当前时间
2021-09-27 11:57:51,235 common_fun.py[line:162] INFO start getScreenshot 登录失败
2021-09-27 11:58:49,719 desired_caps.py[line:30] INFO 开始启动APP....
2021-09-27 11:59:19,258 common_fun.py[line:153] INFO 获取当前时间
2021-09-27 11:59:19,258 common_fun.py[line:162] INFO start getScreenshot 开屏广告
2021-09-27 11:59:24,257 common_fun.py[line:78] INFO 点击跳过按钮
2021-09-27 11:59:31,526 common_fun.py[line:52] INFO 非首次打开APP
2021-09-27 11:59:39,261 login_view.py[line:27] INFO 没有进入登录页面
2021-09-27 12:00:18,857 desired_caps.py[line:30] INFO 开始启动APP....
2021-09-27 12:00:46,773 common_fun.py[line:153] INFO 获取当前时间
2021-09-27 12:00:46,773 common_fun.py[line:162] INFO start getScreenshot 开屏广告
2021-09-27 12:00:51,814 common_fun.py[line:78] INFO 点击跳过按钮
2021-09-27 12:00:58,917 common_fun.py[line:52] INFO 非首次打开APP
2021-09-27 12:01:06,087 login_view.py[line:27] INFO 没有进入登录页面
2021-09-27 12:01:13,654 login_view.py[line:36] INFO 用户已经开馆
2021-09-29 10:30:23,671 desired_caps.py[line:30] INFO 开始启动APP....
2021-09-29 10:36:20,914 desired_caps.py[line:30] INFO 开始启动APP....
2021-09-29 10:36:39,589 common_fun.py[line:161] INFO start getScreenshot 同意按钮
2021-09-29 10:36:40,456 Confirm_View.py[line:20] INFO 点击同意按钮
2021-09-29 10:36:43,842 common_fun.py[line:138] INFO 向左滑动
2021-09-29 10:36:45,589 common_fun.py[line:138] INFO 向左滑动
2021-09-29 10:36:47,308 common_fun.py[line:138] INFO 向左滑动
2021-09-29 10:36:49,068 common_fun.py[line:138] INFO 向左滑动
2021-09-29 10:36:49,579 common_fun.py[line:161] INFO start getScreenshot 立即体验
2021-09-29 10:36:53,381 common_fun.py[line:84] INFO 输入账号:15627558993
2021-09-29 10:36:55,436 common_fun.py[line:86] INFO 输入密码:123456
2021-09-29 10:37:04,049 common_fun.py[line:211] INFO ======已登录=====
2021-09-29 10:37:04,050 common_fun.py[line:161] INFO start getScreenshot 已登录
2021-09-29 10:37:12,598 common_fun.py[line:95] INFO 不在我的页面
2021-09-29 11:05:17,207 desired_caps.py[line:30] INFO 开始启动APP....
2021-09-29 11:05:34,808 common_fun.py[line:139] INFO start getScreenshot 开屏广告
2021-09-29 11:05:39,818 common_fun.py[line:56] INFO 点击跳过按钮
2021-09-29 11:05:47,109 Check_Confirm.py[line:16] INFO 非首次打开APP
2021-09-29 11:05:52,894 common_fun.py[line:62] INFO 输入账号:15627558992
2021-09-29 11:05:54,487 common_fun.py[line:64] INFO 输入密码:123456
2021-09-29 11:05:55,920 common_fun.py[line:194] INFO ======登录失败=======
2021-09-29 11:05:55,920 common_fun.py[line:139] INFO start getScreenshot 登录失败
2021-09-29 11:05:57,640 common_fun.py[line:75] INFO 点击返回按钮
2021-09-29 11:10:50,666 desired_caps.py[line:30] INFO 开始启动APP....
2021-09-29 11:11:11,980 common_fun.py[line:51] INFO 没有广告
2021-09-29 11:11:19,105 Check_Confirm.py[line:16] INFO 非首次打开APP
2021-09-29 11:11:19,301 Simple_login.py[line:15] INFO 点击[书馆]页面
2021-09-29 11:11:26,542 Simple_login.py[line:19] INFO 已经登录
2021-09-29 11:11:35,428 desired_caps.py[line:30] INFO 开始启动APP....
2021-09-29 11:11:54,159 common_fun.py[line:139] INFO start getScreenshot 开屏广告
2021-09-29 11:11:59,019 common_fun.py[line:56] INFO 点击跳过按钮
2021-09-29 11:12:06,818 Check_Confirm.py[line:16] INFO 非首次打开APP
2021-09-29 11:12:07,066 Simple_login.py[line:15] INFO 点击[书馆]页面
2021-09-29 11:12:13,336 common_fun.py[line:62] INFO 输入账号:15627558992
2021-09-29 11:12:14,664 common_fun.py[line:64] INFO 输入密码:123456
2021-09-29 11:12:16,365 common_fun.py[line:193] INFO ======登录失败=======
2021-09-29 11:12:16,365 common_fun.py[line:139] INFO start getScreenshot 登录失败
2021-09-29 11:12:18,532 common_fun.py[line:75] INFO 点击返回按钮
2021-09-29 11:13:18,587 desired_caps.py[line:30] INFO 开始启动APP....
2021-09-29 11:13:48,483 desired_caps.py[line:30] INFO 开始启动APP....
2021-09-29 11:14:10,063 common_fun.py[line:51] INFO 没有广告
2021-09-29 11:14:17,214 Check_Confirm.py[line:16] INFO 非首次打开APP
2021-09-29 11:14:17,468 Simple_login.py[line:15] INFO 点击[书馆]页面
2021-09-29 11:14:22,552 common_fun.py[line:62] INFO 输入账号:15627558992
2021-09-29 11:14:23,318 common_fun.py[line:64] INFO 输入密码:123456
2021-09-29 11:14:36,423 common_fun.py[line:190] INFO ======已登录=====
2021-09-29 11:14:36,423 common_fun.py[line:140] INFO start getScreenshot 已登录
2021-09-29 11:14:47,228 common_fun.py[line:74] INFO 不在我的页面
